[28-Oct-2019 06:09:55] NOTICE: fpm is running, pid 504
[28-Oct-2019 06:09:55] NOTICE: ready to handle connections
[28-Oct-2019 07:10:06] WARNING: [pool www] server reached pm.max_children setting (5), consider raising it
[28-Oct-2019 07:16:47] WARNING: [pool www] server reached pm.max_children setting (5), consider raising it
[28-Oct-2019 07:17:58] WARNING: [pool www] server reached pm.max_children setting (5), consider raising it
[28-Oct-2019 07:19:09] WARNING: [pool www] server reached pm.max_children setting (5), consider raising it
[28-Oct-2019 07:19:38] NOTICE: fpm is running, pid 324
[28-Oct-2019 07:19:38] NOTICE: ready to handle connections
[28-Oct-2019 07:21:14] WARNING: [pool www] server reached pm.max_children setting (5), consider raising it
[29-Oct-2019 06:35:33] NOTICE: fpm is running, pid 261
[29-Oct-2019 06:35:33] NOTICE: ready to handle connections
[29-Oct-2019 07:32:56] WARNING: [pool www] server reached pm.max_children setting (5), consider raising it
[29-Oct-2019 07:37:35] WARNING: [pool www] server reached pm.max_children setting (5), consider raising it
[29-Oct-2019 07:38:20] WARNING: [pool www] server reached pm.max_children setting (5), consider raising it
[29-Oct-2019 08:02:35] WARNING: [pool www] server reached pm.max_children setting (5), consider raising it
[29-Oct-2019 08:06:23] WARNING: [pool www] server reached pm.max_children setting (5), consider raising it
[29-Oct-2019 08:12:56] WARNING: [pool www] server reached pm.max_children setting (5), consider raising it
[29-Oct-2019 08:13:03] WARNING: [pool www] server reached pm.max_children setting (5), consider raising it
[29-Oct-2019 08:13:16] WARNING: [pool www] server reached pm.max_children setting (5), consider raising it
[29-Oct-2019 08:13:41] WARNING: [pool www] server reached pm.max_children setting (5), consider raising it
[31-Oct-2019 04:01:56] NOTICE: fpm is running, pid 339
[31-Oct-2019 04:01:56] NOTICE: ready to handle connections
[31-Oct-2019 04:30:10] WARNING: [pool www] server reached pm.max_children setting (5), consider raising it
[31-Oct-2019 04:30:37] WARNING: [pool www] server reached pm.max_children setting (5), consider raising it
[31-Oct-2019 04:41:11] WARNING: [pool www] server reached pm.max_children setting (5), consider raising it
[31-Oct-2019 04:48:07] WARNING: [pool www] server reached pm.max_children setting (5), consider raising it
[31-Oct-2019 04:51:55] WARNING: [pool www] server reached pm.max_children setting (5), consider raising it
[01-Nov-2019 08:29:33] NOTICE: fpm is running, pid 327
[01-Nov-2019 08:29:33] NOTICE: ready to handle connections
[05-Nov-2019 07:53:09] NOTICE: fpm is running, pid 250
[05-Nov-2019 07:53:09] NOTICE: ready to handle connections
[06-Nov-2019 09:10:40] NOTICE: fpm is running, pid 354
[06-Nov-2019 09:10:40] NOTICE: ready to handle connections
[06-Nov-2019 09:15:19] WARNING: [pool www] server reached pm.max_children setting (5), consider raising it
[07-Nov-2019 09:41:10] NOTICE: fpm is running, pid 400
[07-Nov-2019 09:41:10] NOTICE: ready to handle connections
[11-Nov-2019 09:46:39] NOTICE: fpm is running, pid 220
[11-Nov-2019 09:46:39] NOTICE: ready to handle connections
