
191028  6:09:55 [Warning] Using unique option prefix myisam-recover instead of myisam-recover-options is deprecated and will be removed in a future release. Please use the full name instead.
191028  6:09:55 [Note] Plugin 'FEDERATED' is disabled.
191028  6:09:55 InnoDB: The InnoDB memory heap is disabled
191028  6:09:55 InnoDB: Mutexes and rw_locks use GCC atomic builtins
191028  6:09:55 InnoDB: Compressed tables use zlib 1.2.8
191028  6:09:55 InnoDB: Using Linux native AIO
191028  6:09:55 InnoDB: Initializing buffer pool, size = 32.0M
191028  6:09:55 InnoDB: Completed initialization of buffer pool
191028  6:09:55 InnoDB: highest supported file format is Barracuda.
InnoDB: The log sequence number in ibdata files does not match
InnoDB: the log sequence number in the ib_logfiles!
191028  6:09:55  InnoDB: Database was not shut down normally!
InnoDB: Starting crash recovery.
InnoDB: Reading tablespace information from the .ibd files...
InnoDB: Restoring possible half-written data pages from the doublewrite
InnoDB: buffer...
191028  6:09:56  InnoDB: Waiting for the background threads to start
191028  6:09:57 InnoDB: 5.5.60 started; log sequence number 1595916
191028  6:09:57 [Note] Server hostname (bind-address): '0.0.0.0'; port: 3306
191028  6:09:57 [Note]   - '0.0.0.0' resolves to '0.0.0.0';
191028  6:09:57 [Note] Server socket created on IP: '0.0.0.0'.
191028  6:09:57 [ERROR] /usr/sbin/mysqld: Table './mysql/user' is marked as crashed and should be repaired
191028  6:09:57 [Warning] Checking table:   './mysql/user'
191028  6:09:57 [ERROR] 1 client is using or hasn't closed the table properly
191028  6:09:57 [Note] Event Scheduler: Loaded 0 events
191028  6:09:57 [Note] /usr/sbin/mysqld: ready for connections.
Version: '5.5.60-0+deb8u1'  socket: '/var/run/mysqld/mysqld.sock'  port: 3306  (Debian)
191028  7:19:38 [Warning] Using unique option prefix myisam-recover instead of myisam-recover-options is deprecated and will be removed in a future release. Please use the full name instead.
191028  7:19:38 [Note] Plugin 'FEDERATED' is disabled.
191028  7:19:38 InnoDB: The InnoDB memory heap is disabled
191028  7:19:38 InnoDB: Mutexes and rw_locks use GCC atomic builtins
191028  7:19:38 InnoDB: Compressed tables use zlib 1.2.8
191028  7:19:38 InnoDB: Using Linux native AIO
191028  7:19:38 InnoDB: Initializing buffer pool, size = 32.0M
191028  7:19:38 InnoDB: Completed initialization of buffer pool
191028  7:19:38 InnoDB: highest supported file format is Barracuda.
InnoDB: Log scan progressed past the checkpoint lsn 3236693
191028  7:19:38  InnoDB: Database was not shut down normally!
InnoDB: Starting crash recovery.
InnoDB: Reading tablespace information from the .ibd files...
InnoDB: Restoring possible half-written data pages from the doublewrite
InnoDB: buffer...
InnoDB: Doing recovery: scanned up to log sequence number 3238277
191028  7:19:38  InnoDB: Starting an apply batch of log records to the database...
InnoDB: Progress in percents: 28 29 30 31 32 33 34 35 36 37 38 39 40 41 42 43 44 45 46 47 48 49 50 51 52 53 54 55 56 57 58 59 60 61 62 63 64 65 66 67 68 69 70 71 72 73 74 75 76 77 78 79 80 81 82 83 84 85 86 87 88 89 90 91 92 93 94 95 96 97 98 99 
InnoDB: Apply batch completed
191028  7:19:38  InnoDB: Waiting for the background threads to start
191028  7:19:39 InnoDB: 5.5.60 started; log sequence number 3238277
191028  7:19:39 [Note] Server hostname (bind-address): '0.0.0.0'; port: 3306
191028  7:19:39 [Note]   - '0.0.0.0' resolves to '0.0.0.0';
191028  7:19:39 [Note] Server socket created on IP: '0.0.0.0'.
191028  7:19:39 [Note] Event Scheduler: Loaded 0 events
191028  7:19:39 [Note] /usr/sbin/mysqld: ready for connections.
Version: '5.5.60-0+deb8u1'  socket: '/var/run/mysqld/mysqld.sock'  port: 3306  (Debian)
191029  6:35:34 [Warning] Using unique option prefix myisam-recover instead of myisam-recover-options is deprecated and will be removed in a future release. Please use the full name instead.
191029  6:35:34 [Note] Plugin 'FEDERATED' is disabled.
191029  6:35:34 InnoDB: The InnoDB memory heap is disabled
191029  6:35:34 InnoDB: Mutexes and rw_locks use GCC atomic builtins
191029  6:35:34 InnoDB: Compressed tables use zlib 1.2.8
191029  6:35:34 InnoDB: Using Linux native AIO
191029  6:35:34 InnoDB: Initializing buffer pool, size = 32.0M
191029  6:35:34 InnoDB: Completed initialization of buffer pool
191029  6:35:34 InnoDB: highest supported file format is Barracuda.
InnoDB: The log sequence number in ibdata files does not match
InnoDB: the log sequence number in the ib_logfiles!
191029  6:35:34  InnoDB: Database was not shut down normally!
InnoDB: Starting crash recovery.
InnoDB: Reading tablespace information from the .ibd files...
InnoDB: Restoring possible half-written data pages from the doublewrite
InnoDB: buffer...
191029  6:35:34  InnoDB: Waiting for the background threads to start
191029  6:35:35 InnoDB: 5.5.60 started; log sequence number 3793268
191029  6:35:35 [Note] Server hostname (bind-address): '0.0.0.0'; port: 3306
191029  6:35:35 [Note]   - '0.0.0.0' resolves to '0.0.0.0';
191029  6:35:35 [Note] Server socket created on IP: '0.0.0.0'.
191029  6:35:35 [Note] Event Scheduler: Loaded 0 events
191029  6:35:35 [Note] /usr/sbin/mysqld: ready for connections.
Version: '5.5.60-0+deb8u1'  socket: '/var/run/mysqld/mysqld.sock'  port: 3306  (Debian)
